[35m[Appium][39m Welcome to Appium v1.20.2
[35m[Appium][39m Non-default server args:
[35m[Appium][39m   port: 60473
[35m[Appium][39m   loglevel: info
[35m[Appium][39m   tmpDir: C:\Users\rizky\AppData\Local\Temp\\Katalon\Appium\Temp1618940259885
[35m[Appium][39m   chromedriverPort: 60474
[35m[Appium][39m Deprecated server args:
[35m[Appium][39m   [31m--chromedriver-port[39m => --default-capabilities
[35m[Appium][39m Default capabilities, which will be added to each request unless overridden by desired capabilities:
[35m[Appium][39m   chromedriverPort: 60474
[35m[Appium][39m Appium REST http interface listener started on 0.0.0.0:60473
[35m[HTTP][39m [37m-->[39m [37mGET[39m [37m/wd/hub/status[39m
[35m[HTTP][39m [90m{}[39m
[35m[HTTP][39m [37m<-- GET /wd/hub/status [39m[32m200[39m [90m17 ms - 68[39m
[35m[HTTP][39m [90m[39m
[35m[HTTP][39m [37m-->[39m [37mGET[39m [37m/wd/hub/status[39m
[35m[HTTP][39m [90m{}[39m
[35m[HTTP][39m [37m<-- GET /wd/hub/status [39m[32m200[39m [90m1 ms - 68[39m
[35m[HTTP][39m [90m[39m
[35m[HTTP][39m [37m-->[39m [37mPOST[39m [37m/wd/hub/session[39m
[35m[HTTP][39m [90m{"desiredCapabilities":{"app":"D:\\soal tes\\Bukalapak\\Sample Android App Login Test_v4.0_apkpure.com.apk","noReset":true,"deviceName":"Xiaomi Redmi Note 9 Pro (Android 10)","fullReset":false,"platform":"ANDROID","newCommandTimeout":1800,"platformVersion":"10","automationName":"uiautomator2","autoGrantPermissions":true,"platformName":"Android","udid":"bf5c58af","systemPort":60480},"capabilities":{"firstMatch":[{"appium:app":"D:\\soal tes\\Bukalapak\\Sample Android App Login Test_v4.0_apkpure.com.apk","appium:autoGrantPermissions":true,"appium:automationName":"uiautomator2","appium:deviceName":"Xiaomi Redmi Note 9 Pro (Android 10)","appium:fullReset":false,"appium:newCommandTimeout":1800,"appium:noReset":true,"platform":"ANDROID","platformName":"android","appium:platformVersion":"10","appium:systemPort":60480,"appium:udid":"bf5c58af"}]}}[39m
[35m[BaseDriver][39m The following capabilities are not standard capabilities and should have an extension prefix:
[35m[BaseDriver][39m   platform
[35m[BaseDriver][39m   chromedriverPort
[35m[Appium][39m Appium v1.20.2 creating new AndroidUiautomator2Driver (v1.61.2) session
[35m[BaseDriver][39m The following capabilities were provided, but are not recognized by Appium:
[35m[BaseDriver][39m   platform
[35m[BaseDriver][39m Session created with session id: c9156793-9e17-4d7d-9d1c-e2d5d2e33acc
[35m[BaseDriver][39m Using local app 'D:\soal tes\Bukalapak\Sample Android App Login Test_v4.0_apkpure.com.apk'
[35m[ADB][39m Found 1 'build-tools' folders under 'C:\Users\rizky\.katalon\tools\android_sdk' (newest first):
[35m[ADB][39m     C:/Users/rizky/.katalon/tools/android_sdk/build-tools/29.0.3
[35m[ADB][39m Using 'adb.exe' from 'C:\Users\rizky\.katalon\tools\android_sdk\platform-tools\adb.exe'
[35m[AndroidDriver][39m Retrieving device list
[35m[AndroidDriver][39m Using device: bf5c58af
[35m[ADB][39m Using 'adb.exe' from 'C:\Users\rizky\.katalon\tools\android_sdk\platform-tools\adb.exe'
[35m[ADB][39m Getting device platform version
[35m[UiAutomator2][39m Relaxing hidden api policy
[35m[ADB][39m Package name: 'com.loginmodule.learning'
[35m[ADB][39m Main activity name: 'com.loginmodule.learning.activities.LoginActivity'
[35m[ADB][39m Using 'apksigner.jar' from 'C:\Users\rizky\.katalon\tools\android_sdk\build-tools\29.0.3\lib\apksigner.jar'
[35m[ADB][39m 'C:\Users\rizky\AppData\Roaming\npm\node_modules\appium\node_modules\appium-uiautomator2-server\apks\appium-uiautomator2-server-v4.17.4.apk' is signed with the default certificate
[35m[ADB][39m 'C:\Users\rizky\AppData\Roaming\npm\node_modules\appium\node_modules\appium-uiautomator2-server\apks\appium-uiautomator2-server-debug-androidTest.apk' is signed with the default certificate
[35m[UiAutomator2][39m Server packages are not going to be (re)installed
[35m[ADB][39m Adding packages ["io.appium.settings","io.appium.uiautomator2.server","io.appium.uiautomator2.server.test"] to Doze whitelist
[35m[ADB][39m 'D:\soal tes\Bukalapak\Sample Android App Login Test_v4.0_apkpure.com.apk' is signed with a non-default certificate
[35m[ADB][39m The application at 'D:\soal tes\Bukalapak\Sample Android App Login Test_v4.0_apkpure.com.apk' will not be cached, because the device under test has confirmed the support of streamed installs
[35m[ADB][39m The installation of 'Sample Android App Login Test_v4.0_apkpure.com.apk' took 3163ms
[35m[UiAutomator2][39m Starting UIAutomator2 server 4.17.4
[35m[UiAutomator2][39m Using UIAutomator2 server from 'C:\Users\rizky\AppData\Roaming\npm\node_modules\appium\node_modules\appium-uiautomator2-server\apks\appium-uiautomator2-server-v4.17.4.apk' and test from 'C:\Users\rizky\AppData\Roaming\npm\node_modules\appium\node_modules\appium-uiautomator2-server\apks\appium-uiautomator2-server-debug-androidTest.apk'
[35m[UiAutomator2][39m Waiting up to 30000ms for UiAutomator2 to be online...
[35m[WD Proxy][39m socket hang up
[35m[WD Proxy][39m socket hang up
[35m[WD Proxy][39m socket hang up
[35m[WD Proxy][39m Determined the downstream protocol as 'W3C'
[35m[AndroidDriver][39m Screen already unlocked, doing nothing
[35m[UiAutomator2][39m Starting 'com.loginmodule.learning/com.loginmodule.learning.activities.LoginActivity and waiting for 'com.loginmodule.learning/com.loginmodule.learning.activities.LoginActivity'
[35m[Appium][39m New AndroidUiautomator2Driver session created successfully, session c9156793-9e17-4d7d-9d1c-e2d5d2e33acc added to master session list
[35m[HTTP][39m [37m<-- POST /wd/hub/session [39m[32m200[39m [90m13429 ms - 1313[39m
[35m[HTTP][39m [90m[39m
[35m[HTTP][39m [37m-->[39m [37mGET[39m [37m/wd/hub/session/c9156793-9e17-4d7d-9d1c-e2d5d2e33acc[39m
[35m[HTTP][39m [90m{}[39m
[35m[HTTP][39m [37m<-- GET /wd/hub/session/c9156793-9e17-4d7d-9d1c-e2d5d2e33acc [39m[32m200[39m [90m13 ms - 1267[39m
[35m[HTTP][39m [90m[39m
[35m[HTTP][39m [37m-->[39m [37mGET[39m [37m/wd/hub/session/c9156793-9e17-4d7d-9d1c-e2d5d2e33acc[39m
[35m[HTTP][39m [90m{}[39m
[35m[HTTP][39m [37m<-- GET /wd/hub/session/c9156793-9e17-4d7d-9d1c-e2d5d2e33acc [39m[32m200[39m [90m10 ms - 1267[39m
[35m[HTTP][39m [90m[39m
[35m[HTTP][39m [37m-->[39m [37mGET[39m [37m/wd/hub/status[39m
[35m[HTTP][39m [90m{}[39m
[35m[HTTP][39m [37m<-- GET /wd/hub/status [39m[32m200[39m [90m1 ms - 68[39m
[35m[HTTP][39m [90m[39m
[35m[HTTP][39m [37m-->[39m [37mPOST[39m [37m/wd/hub/session/c9156793-9e17-4d7d-9d1c-e2d5d2e33acc/timeouts[39m
[35m[HTTP][39m [90m{"implicit":60000}[39m
[35m[HTTP][39m [37m<-- POST /wd/hub/session/c9156793-9e17-4d7d-9d1c-e2d5d2e33acc/timeouts [39m[32m200[39m [90m5 ms - 14[39m
[35m[HTTP][39m [90m[39m
[35m[HTTP][39m [37m-->[39m [37mGET[39m [37m/wd/hub/session/c9156793-9e17-4d7d-9d1c-e2d5d2e33acc/source[39m
[35m[HTTP][39m [90m{}[39m
[35m[W3C (c9156793)][39m Driver proxy active, passing request on via HTTP proxy
[35m[WD Proxy][39m Replacing sessionId e8b65672-535b-4ab6-bdb6-ed210139da00 with c9156793-9e17-4d7d-9d1c-e2d5d2e33acc
[35m[HTTP][39m [37m<-- GET /wd/hub/session/c9156793-9e17-4d7d-9d1c-e2d5d2e33acc/source [39m[32m200[39m [90m496 ms - 6973[39m
[35m[HTTP][39m [90m[39m
[35m[HTTP][39m [37m-->[39m [37mGET[39m [37m/wd/hub/session/c9156793-9e17-4d7d-9d1c-e2d5d2e33acc/screenshot[39m
[35m[HTTP][39m [90m{}[39m
[35m[HTTP][39m [37m<-- GET /wd/hub/session/c9156793-9e17-4d7d-9d1c-e2d5d2e33acc/screenshot [39m[32m200[39m [90m362 ms - 108778[39m
[35m[HTTP][39m [90m[39m
[35m[HTTP][39m [37m-->[39m [37mPOST[39m [37m/wd/hub/session/c9156793-9e17-4d7d-9d1c-e2d5d2e33acc/elements[39m
[35m[HTTP][39m [90m{"using":"xpath","value":"//*[@class = 'android.widget.TextView' and (@text = 'No account yet? Create one' or . = 'No account yet? Create one') and @resource-id = 'com.loginmodule.learning:id/textViewLinkRegister']"}[39m
[35m[HTTP][39m [37m<-- POST /wd/hub/session/c9156793-9e17-4d7d-9d1c-e2d5d2e33acc/elements [39m[32m200[39m [90m191 ms - 139[39m
[35m[HTTP][39m [90m[39m
[35m[HTTP][39m [37m-->[39m [37mGET[39m [37m/wd/hub/session/c9156793-9e17-4d7d-9d1c-e2d5d2e33acc/window/rect[39m
[35m[HTTP][39m [90m{}[39m
[35m[HTTP][39m [37m<-- GET /wd/hub/session/c9156793-9e17-4d7d-9d1c-e2d5d2e33acc/window/rect [39m[32m200[39m [90m35 ms - 50[39m
[35m[HTTP][39m [90m[39m
[35m[HTTP][39m [37m-->[39m [37mPOST[39m [37m/wd/hub/session/c9156793-9e17-4d7d-9d1c-e2d5d2e33acc/elements[39m
[35m[HTTP][39m [90m{"using":"xpath","value":"//*[@class = 'android.widget.TextView' and (@text = 'No account yet? Create one' or . = 'No account yet? Create one') and @resource-id = 'com.loginmodule.learning:id/textViewLinkRegister']"}[39m
[35m[HTTP][39m [37m<-- POST /wd/hub/session/c9156793-9e17-4d7d-9d1c-e2d5d2e33acc/elements [39m[32m200[39m [90m105 ms - 139[39m
[35m[HTTP][39m [90m[39m
[35m[HTTP][39m [37m-->[39m [37mGET[39m [37m/wd/hub/session/c9156793-9e17-4d7d-9d1c-e2d5d2e33acc/element/662f78a1-b0af-4a5b-bb56-8a3445f0878d/location[39m
[35m[HTTP][39m [90m{}[39m
[35m[W3C (c9156793)][39m Driver proxy active, passing request on via HTTP proxy
[35m[WD Proxy][39m Replacing sessionId e8b65672-535b-4ab6-bdb6-ed210139da00 with c9156793-9e17-4d7d-9d1c-e2d5d2e33acc
[35m[HTTP][39m [37m<-- GET /wd/hub/session/c9156793-9e17-4d7d-9d1c-e2d5d2e33acc/element/662f78a1-b0af-4a5b-bb56-8a3445f0878d/location [39m[32m200[39m [90m31 ms - 78[39m
[35m[HTTP][39m [90m[39m
[35m[HTTP][39m [37m-->[39m [37mPOST[39m [37m/wd/hub/session/c9156793-9e17-4d7d-9d1c-e2d5d2e33acc/touch/perform[39m
[35m[HTTP][39m [90m{"actions":[{"action":"tap","options":{"x":1,"y":1,"element":"662f78a1-b0af-4a5b-bb56-8a3445f0878d"}}]}[39m
[35m[UiAutomator2][39m calling get location: 662f78a1-b0af-4a5b-bb56-8a3445f0878d
[35m[HTTP][39m [37m<-- POST /wd/hub/session/c9156793-9e17-4d7d-9d1c-e2d5d2e33acc/touch/perform [39m[32m200[39m [90m223 ms - 14[39m
[35m[HTTP][39m [90m[39m
[35m[HTTP][39m [37m-->[39m [37mGET[39m [37m/wd/hub/session/c9156793-9e17-4d7d-9d1c-e2d5d2e33acc/source[39m
[35m[HTTP][39m [90m{}[39m
[35m[W3C (c9156793)][39m Driver proxy active, passing request on via HTTP proxy
[35m[WD Proxy][39m Replacing sessionId e8b65672-535b-4ab6-bdb6-ed210139da00 with c9156793-9e17-4d7d-9d1c-e2d5d2e33acc
[35m[HTTP][39m [37m<-- GET /wd/hub/session/c9156793-9e17-4d7d-9d1c-e2d5d2e33acc/source [39m[32m200[39m [90m109 ms - 8473[39m
[35m[HTTP][39m [90m[39m
[35m[HTTP][39m [37m-->[39m [37mGET[39m [37m/wd/hub/session/c9156793-9e17-4d7d-9d1c-e2d5d2e33acc/screenshot[39m
[35m[HTTP][39m [90m{}[39m
[35m[HTTP][39m [37m<-- GET /wd/hub/session/c9156793-9e17-4d7d-9d1c-e2d5d2e33acc/screenshot [39m[32m200[39m [90m520 ms - 114192[39m
[35m[HTTP][39m [90m[39m
[35m[HTTP][39m [37m-->[39m [37mPOST[39m [37m/wd/hub/session/c9156793-9e17-4d7d-9d1c-e2d5d2e33acc/elements[39m
[35m[HTTP][39m [90m{"using":"xpath","value":"//*[@class = 'android.widget.EditText' and @resource-id = 'com.loginmodule.learning:id/textInputEditTextEmail' and (@text = '' or . = '')]"}[39m
[35m[HTTP][39m [37m<-- POST /wd/hub/session/c9156793-9e17-4d7d-9d1c-e2d5d2e33acc/elements [39m[32m200[39m [90m124 ms - 139[39m
[35m[HTTP][39m [90m[39m
[35m[HTTP][39m [37m-->[39m [37mGET[39m [37m/wd/hub/session/c9156793-9e17-4d7d-9d1c-e2d5d2e33acc/window/rect[39m
[35m[HTTP][39m [90m{}[39m
[35m[HTTP][39m [37m<-- GET /wd/hub/session/c9156793-9e17-4d7d-9d1c-e2d5d2e33acc/window/rect [39m[32m200[39m [90m43 ms - 50[39m
[35m[HTTP][39m [90m[39m
[35m[HTTP][39m [37m-->[39m [37mPOST[39m [37m/wd/hub/session/c9156793-9e17-4d7d-9d1c-e2d5d2e33acc/elements[39m
[35m[HTTP][39m [90m{"using":"xpath","value":"//*[@class = 'android.widget.EditText' and @resource-id = 'com.loginmodule.learning:id/textInputEditTextEmail' and (@text = '' or . = '')]"}[39m
[35m[HTTP][39m [37m<-- POST /wd/hub/session/c9156793-9e17-4d7d-9d1c-e2d5d2e33acc/elements [39m[32m200[39m [90m114 ms - 139[39m
[35m[HTTP][39m [90m[39m
[35m[HTTP][39m [37m-->[39m [37mGET[39m [37m/wd/hub/session/c9156793-9e17-4d7d-9d1c-e2d5d2e33acc/element/5b94a743-28eb-439b-afbb-636a4c76f47e/location[39m
[35m[HTTP][39m [90m{}[39m
[35m[W3C (c9156793)][39m Driver proxy active, passing request on via HTTP proxy
[35m[WD Proxy][39m Replacing sessionId e8b65672-535b-4ab6-bdb6-ed210139da00 with c9156793-9e17-4d7d-9d1c-e2d5d2e33acc
[35m[HTTP][39m [37m<-- GET /wd/hub/session/c9156793-9e17-4d7d-9d1c-e2d5d2e33acc/element/5b94a743-28eb-439b-afbb-636a4c76f47e/location [39m[32m200[39m [90m32 ms - 78[39m
[35m[HTTP][39m [90m[39m
[35m[HTTP][39m [37m-->[39m [37mPOST[39m [37m/wd/hub/session/c9156793-9e17-4d7d-9d1c-e2d5d2e33acc/element/5b94a743-28eb-439b-afbb-636a4c76f47e/clear[39m
[35m[HTTP][39m [90m{"id":"5b94a743-28eb-439b-afbb-636a4c76f47e"}[39m
[35m[HTTP][39m [37m<-- POST /wd/hub/session/c9156793-9e17-4d7d-9d1c-e2d5d2e33acc/element/5b94a743-28eb-439b-afbb-636a4c76f47e/clear [39m[32m200[39m [90m41 ms - 14[39m
[35m[HTTP][39m [90m[39m
[35m[HTTP][39m [37m-->[39m [37mPOST[39m [37m/wd/hub/session/c9156793-9e17-4d7d-9d1c-e2d5d2e33acc/element/5b94a743-28eb-439b-afbb-636a4c76f47e/value[39m
[35m[HTTP][39m [90m{"id":"5b94a743-28eb-439b-afbb-636a4c76f47e","text":"rizkysianturi","value":["r","i","z","k","y","s","i","a","n","t","u","r","i"]}[39m
[35m[HTTP][39m [37m<-- POST /wd/hub/session/c9156793-9e17-4d7d-9d1c-e2d5d2e33acc/element/5b94a743-28eb-439b-afbb-636a4c76f47e/value [39m[32m200[39m [90m545 ms - 14[39m
[35m[HTTP][39m [90m[39m
[35m[HTTP][39m [37m-->[39m [37mGET[39m [37m/wd/hub/session/c9156793-9e17-4d7d-9d1c-e2d5d2e33acc/source[39m
[35m[HTTP][39m [90m{}[39m
[35m[W3C (c9156793)][39m Driver proxy active, passing request on via HTTP proxy
[35m[WD Proxy][39m Replacing sessionId e8b65672-535b-4ab6-bdb6-ed210139da00 with c9156793-9e17-4d7d-9d1c-e2d5d2e33acc
[35m[HTTP][39m [37m<-- GET /wd/hub/session/c9156793-9e17-4d7d-9d1c-e2d5d2e33acc/source [39m[32m200[39m [90m173 ms - 8486[39m
[35m[HTTP][39m [90m[39m
[35m[HTTP][39m [37m-->[39m [37mGET[39m [37m/wd/hub/session/c9156793-9e17-4d7d-9d1c-e2d5d2e33acc/screenshot[39m
[35m[HTTP][39m [90m{}[39m
[35m[HTTP][39m [37m<-- GET /wd/hub/session/c9156793-9e17-4d7d-9d1c-e2d5d2e33acc/screenshot [39m[32m200[39m [90m471 ms - 122264[39m
[35m[HTTP][39m [90m[39m
[35m[HTTP][39m [37m-->[39m [37mPOST[39m [37m/wd/hub/session/c9156793-9e17-4d7d-9d1c-e2d5d2e33acc/elements[39m
[35m[HTTP][39m [90m{"using":"xpath","value":"//*[@class = 'android.widget.EditText' and @resource-id = 'com.loginmodule.learning:id/textInputEditTextPassword' and (@text = '' or . = '')]"}[39m
[35m[HTTP][39m [37m<-- POST /wd/hub/session/c9156793-9e17-4d7d-9d1c-e2d5d2e33acc/elements [39m[32m200[39m [90m105 ms - 139[39m
[35m[HTTP][39m [90m[39m
[35m[HTTP][39m [37m-->[39m [37mGET[39m [37m/wd/hub/session/c9156793-9e17-4d7d-9d1c-e2d5d2e33acc/window/rect[39m
[35m[HTTP][39m [90m{}[39m
[35m[HTTP][39m [37m<-- GET /wd/hub/session/c9156793-9e17-4d7d-9d1c-e2d5d2e33acc/window/rect [39m[32m200[39m [90m23 ms - 50[39m
[35m[HTTP][39m [90m[39m
[35m[HTTP][39m [37m-->[39m [37mPOST[39m [37m/wd/hub/session/c9156793-9e17-4d7d-9d1c-e2d5d2e33acc/elements[39m
[35m[HTTP][39m [90m{"using":"xpath","value":"//*[@class = 'android.widget.EditText' and @resource-id = 'com.loginmodule.learning:id/textInputEditTextPassword' and (@text = '' or . = '')]"}[39m
[35m[HTTP][39m [37m<-- POST /wd/hub/session/c9156793-9e17-4d7d-9d1c-e2d5d2e33acc/elements [39m[32m200[39m [90m102 ms - 139[39m
[35m[HTTP][39m [90m[39m
[35m[HTTP][39m [37m-->[39m [37mGET[39m [37m/wd/hub/session/c9156793-9e17-4d7d-9d1c-e2d5d2e33acc/element/43c4d277-bd68-435e-8c1c-22f8c19332f9/location[39m
[35m[HTTP][39m [90m{}[39m
[35m[W3C (c9156793)][39m Driver proxy active, passing request on via HTTP proxy
[35m[WD Proxy][39m Replacing sessionId e8b65672-535b-4ab6-bdb6-ed210139da00 with c9156793-9e17-4d7d-9d1c-e2d5d2e33acc
[35m[HTTP][39m [37m<-- GET /wd/hub/session/c9156793-9e17-4d7d-9d1c-e2d5d2e33acc/element/43c4d277-bd68-435e-8c1c-22f8c19332f9/location [39m[32m200[39m [90m33 ms - 78[39m
[35m[HTTP][39m [90m[39m
[35m[HTTP][39m [37m-->[39m [37mPOST[39m [37m/wd/hub/session/c9156793-9e17-4d7d-9d1c-e2d5d2e33acc/element/43c4d277-bd68-435e-8c1c-22f8c19332f9/clear[39m
[35m[HTTP][39m [90m{"id":"43c4d277-bd68-435e-8c1c-22f8c19332f9"}[39m
[35m[HTTP][39m [37m<-- POST /wd/hub/session/c9156793-9e17-4d7d-9d1c-e2d5d2e33acc/element/43c4d277-bd68-435e-8c1c-22f8c19332f9/clear [39m[32m200[39m [90m39 ms - 14[39m
[35m[HTTP][39m [90m[39m
[35m[HTTP][39m [37m-->[39m [37mPOST[39m [37m/wd/hub/session/c9156793-9e17-4d7d-9d1c-e2d5d2e33acc/element/43c4d277-bd68-435e-8c1c-22f8c19332f9/value[39m
[35m[HTTP][39m [90m{"id":"43c4d277-bd68-435e-8c1c-22f8c19332f9","text":"rizky","value":["r","i","z","k","y"]}[39m
[35m[HTTP][39m [37m<-- POST /wd/hub/session/c9156793-9e17-4d7d-9d1c-e2d5d2e33acc/element/43c4d277-bd68-435e-8c1c-22f8c19332f9/value [39m[32m200[39m [90m821 ms - 14[39m
[35m[HTTP][39m [90m[39m
[35m[HTTP][39m [37m-->[39m [37mGET[39m [37m/wd/hub/session/c9156793-9e17-4d7d-9d1c-e2d5d2e33acc/source[39m
[35m[HTTP][39m [90m{}[39m
[35m[W3C (c9156793)][39m Driver proxy active, passing request on via HTTP proxy
[35m[WD Proxy][39m Replacing sessionId e8b65672-535b-4ab6-bdb6-ed210139da00 with c9156793-9e17-4d7d-9d1c-e2d5d2e33acc
[35m[HTTP][39m [37m<-- GET /wd/hub/session/c9156793-9e17-4d7d-9d1c-e2d5d2e33acc/source [39m[32m200[39m [90m148 ms - 8501[39m
[35m[HTTP][39m [90m[39m
[35m[HTTP][39m [37m-->[39m [37mGET[39m [37m/wd/hub/session/c9156793-9e17-4d7d-9d1c-e2d5d2e33acc/screenshot[39m
[35m[HTTP][39m [90m{}[39m
[35m[HTTP][39m [37m<-- GET /wd/hub/session/c9156793-9e17-4d7d-9d1c-e2d5d2e33acc/screenshot [39m[32m200[39m [90m476 ms - 119804[39m
[35m[HTTP][39m [90m[39m
[35m[HTTP][39m [37m-->[39m [37mPOST[39m [37m/wd/hub/session/c9156793-9e17-4d7d-9d1c-e2d5d2e33acc/elements[39m
[35m[HTTP][39m [90m{"using":"xpath","value":"//*[@class = 'android.widget.EditText' and @resource-id = 'com.loginmodule.learning:id/textInputEditTextConfirmPassword' and (@text = '' or . = '')]"}[39m
[35m[HTTP][39m [37m<-- POST /wd/hub/session/c9156793-9e17-4d7d-9d1c-e2d5d2e33acc/elements [39m[32m200[39m [90m108 ms - 139[39m
[35m[HTTP][39m [90m[39m
[35m[HTTP][39m [37m-->[39m [37mGET[39m [37m/wd/hub/session/c9156793-9e17-4d7d-9d1c-e2d5d2e33acc/window/rect[39m
[35m[HTTP][39m [90m{}[39m
[35m[HTTP][39m [37m<-- GET /wd/hub/session/c9156793-9e17-4d7d-9d1c-e2d5d2e33acc/window/rect [39m[32m200[39m [90m41 ms - 50[39m
[35m[HTTP][39m [90m[39m
[35m[HTTP][39m [37m-->[39m [37mPOST[39m [37m/wd/hub/session/c9156793-9e17-4d7d-9d1c-e2d5d2e33acc/elements[39m
[35m[HTTP][39m [90m{"using":"xpath","value":"//*[@class = 'android.widget.EditText' and @resource-id = 'com.loginmodule.learning:id/textInputEditTextConfirmPassword' and (@text = '' or . = '')]"}[39m
[35m[HTTP][39m [37m<-- POST /wd/hub/session/c9156793-9e17-4d7d-9d1c-e2d5d2e33acc/elements [39m[32m200[39m [90m400 ms - 139[39m
[35m[HTTP][39m [90m[39m
[35m[HTTP][39m [37m-->[39m [37mGET[39m [37m/wd/hub/session/c9156793-9e17-4d7d-9d1c-e2d5d2e33acc/element/1bdaaba8-d54e-494d-b670-6491a8ecb241/location[39m
[35m[HTTP][39m [90m{}[39m
[35m[W3C (c9156793)][39m Driver proxy active, passing request on via HTTP proxy
[35m[WD Proxy][39m Replacing sessionId e8b65672-535b-4ab6-bdb6-ed210139da00 with c9156793-9e17-4d7d-9d1c-e2d5d2e33acc
[35m[HTTP][39m [37m<-- GET /wd/hub/session/c9156793-9e17-4d7d-9d1c-e2d5d2e33acc/element/1bdaaba8-d54e-494d-b670-6491a8ecb241/location [39m[32m200[39m [90m32 ms - 78[39m
[35m[HTTP][39m [90m[39m
[35m[HTTP][39m [37m-->[39m [37mPOST[39m [37m/wd/hub/session/c9156793-9e17-4d7d-9d1c-e2d5d2e33acc/element/1bdaaba8-d54e-494d-b670-6491a8ecb241/clear[39m
[35m[HTTP][39m [90m{"id":"1bdaaba8-d54e-494d-b670-6491a8ecb241"}[39m
[35m[HTTP][39m [37m<-- POST /wd/hub/session/c9156793-9e17-4d7d-9d1c-e2d5d2e33acc/element/1bdaaba8-d54e-494d-b670-6491a8ecb241/clear [39m[32m200[39m [90m37 ms - 14[39m
[35m[HTTP][39m [90m[39m
[35m[HTTP][39m [37m-->[39m [37mPOST[39m [37m/wd/hub/session/c9156793-9e17-4d7d-9d1c-e2d5d2e33acc/element/1bdaaba8-d54e-494d-b670-6491a8ecb241/value[39m
[35m[HTTP][39m [90m{"id":"1bdaaba8-d54e-494d-b670-6491a8ecb241","text":"rizky","value":["r","i","z","k","y"]}[39m
[35m[HTTP][39m [37m<-- POST /wd/hub/session/c9156793-9e17-4d7d-9d1c-e2d5d2e33acc/element/1bdaaba8-d54e-494d-b670-6491a8ecb241/value [39m[32m200[39m [90m538 ms - 14[39m
[35m[HTTP][39m [90m[39m
[35m[HTTP][39m [37m-->[39m [37mGET[39m [37m/wd/hub/session/c9156793-9e17-4d7d-9d1c-e2d5d2e33acc/source[39m
[35m[HTTP][39m [90m{}[39m
[35m[W3C (c9156793)][39m Driver proxy active, passing request on via HTTP proxy
[35m[WD Proxy][39m Replacing sessionId e8b65672-535b-4ab6-bdb6-ed210139da00 with c9156793-9e17-4d7d-9d1c-e2d5d2e33acc
[35m[HTTP][39m [37m<-- GET /wd/hub/session/c9156793-9e17-4d7d-9d1c-e2d5d2e33acc/source [39m[32m200[39m [90m129 ms - 8516[39m
[35m[HTTP][39m [90m[39m
[35m[HTTP][39m [37m-->[39m [37mGET[39m [37m/wd/hub/session/c9156793-9e17-4d7d-9d1c-e2d5d2e33acc/screenshot[39m
[35m[HTTP][39m [90m{}[39m
[35m[HTTP][39m [37m<-- GET /wd/hub/session/c9156793-9e17-4d7d-9d1c-e2d5d2e33acc/screenshot [39m[32m200[39m [90m464 ms - 115904[39m
[35m[HTTP][39m [90m[39m
[35m[HTTP][39m [37m-->[39m [37mPOST[39m [37m/wd/hub/session/c9156793-9e17-4d7d-9d1c-e2d5d2e33acc/elements[39m
[35m[HTTP][39m [90m{"using":"xpath","value":"//*[@class = 'android.widget.EditText' and @resource-id = 'com.loginmodule.learning:id/textInputEditTextName' and (@text = '' or . = '')]"}[39m
[35m[HTTP][39m [37m<-- POST /wd/hub/session/c9156793-9e17-4d7d-9d1c-e2d5d2e33acc/elements [39m[32m200[39m [90m104 ms - 139[39m
[35m[HTTP][39m [90m[39m
[35m[HTTP][39m [37m-->[39m [37mGET[39m [37m/wd/hub/session/c9156793-9e17-4d7d-9d1c-e2d5d2e33acc/window/rect[39m
[35m[HTTP][39m [90m{}[39m
[35m[HTTP][39m [37m<-- GET /wd/hub/session/c9156793-9e17-4d7d-9d1c-e2d5d2e33acc/window/rect [39m[32m200[39m [90m22 ms - 50[39m
[35m[HTTP][39m [90m[39m
[35m[HTTP][39m [37m-->[39m [37mPOST[39m [37m/wd/hub/session/c9156793-9e17-4d7d-9d1c-e2d5d2e33acc/elements[39m
[35m[HTTP][39m [90m{"using":"xpath","value":"//*[@class = 'android.widget.EditText' and @resource-id = 'com.loginmodule.learning:id/textInputEditTextName' and (@text = '' or . = '')]"}[39m
[35m[HTTP][39m [37m<-- POST /wd/hub/session/c9156793-9e17-4d7d-9d1c-e2d5d2e33acc/elements [39m[32m200[39m [90m107 ms - 139[39m
[35m[HTTP][39m [90m[39m
[35m[HTTP][39m [37m-->[39m [37mGET[39m [37m/wd/hub/session/c9156793-9e17-4d7d-9d1c-e2d5d2e33acc/element/475b846d-695b-437b-ba69-994d6ec93022/location[39m
[35m[HTTP][39m [90m{}[39m
[35m[W3C (c9156793)][39m Driver proxy active, passing request on via HTTP proxy
[35m[WD Proxy][39m Replacing sessionId e8b65672-535b-4ab6-bdb6-ed210139da00 with c9156793-9e17-4d7d-9d1c-e2d5d2e33acc
[35m[HTTP][39m [37m<-- GET /wd/hub/session/c9156793-9e17-4d7d-9d1c-e2d5d2e33acc/element/475b846d-695b-437b-ba69-994d6ec93022/location [39m[32m200[39m [90m31 ms - 77[39m
[35m[HTTP][39m [90m[39m
[35m[HTTP][39m [37m-->[39m [37mPOST[39m [37m/wd/hub/session/c9156793-9e17-4d7d-9d1c-e2d5d2e33acc/element/475b846d-695b-437b-ba69-994d6ec93022/clear[39m
[35m[HTTP][39m [90m{"id":"475b846d-695b-437b-ba69-994d6ec93022"}[39m
[35m[HTTP][39m [37m<-- POST /wd/hub/session/c9156793-9e17-4d7d-9d1c-e2d5d2e33acc/element/475b846d-695b-437b-ba69-994d6ec93022/clear [39m[32m200[39m [90m44 ms - 14[39m
[35m[HTTP][39m [90m[39m
[35m[HTTP][39m [37m-->[39m [37mPOST[39m [37m/wd/hub/session/c9156793-9e17-4d7d-9d1c-e2d5d2e33acc/element/475b846d-695b-437b-ba69-994d6ec93022/value[39m
[35m[HTTP][39m [90m{"id":"475b846d-695b-437b-ba69-994d6ec93022","text":"rizky","value":["r","i","z","k","y"]}[39m
[35m[HTTP][39m [37m<-- POST /wd/hub/session/c9156793-9e17-4d7d-9d1c-e2d5d2e33acc/element/475b846d-695b-437b-ba69-994d6ec93022/value [39m[32m200[39m [90m576 ms - 14[39m
[35m[HTTP][39m [90m[39m
[35m[HTTP][39m [37m-->[39m [37mGET[39m [37m/wd/hub/session/c9156793-9e17-4d7d-9d1c-e2d5d2e33acc/source[39m
[35m[HTTP][39m [90m{}[39m
[35m[W3C (c9156793)][39m Driver proxy active, passing request on via HTTP proxy
[35m[WD Proxy][39m Replacing sessionId e8b65672-535b-4ab6-bdb6-ed210139da00 with c9156793-9e17-4d7d-9d1c-e2d5d2e33acc
[35m[HTTP][39m [37m<-- GET /wd/hub/session/c9156793-9e17-4d7d-9d1c-e2d5d2e33acc/source [39m[32m200[39m [90m111 ms - 8521[39m
[35m[HTTP][39m [90m[39m
[35m[HTTP][39m [37m-->[39m [37mGET[39m [37m/wd/hub/session/c9156793-9e17-4d7d-9d1c-e2d5d2e33acc/screenshot[39m
[35m[HTTP][39m [90m{}[39m
[35m[HTTP][39m [37m<-- GET /wd/hub/session/c9156793-9e17-4d7d-9d1c-e2d5d2e33acc/screenshot [39m[32m200[39m [90m504 ms - 119414[39m
[35m[HTTP][39m [90m[39m
[35m[HTTP][39m [37m-->[39m [37mPOST[39m [37m/wd/hub/session/c9156793-9e17-4d7d-9d1c-e2d5d2e33acc/elements[39m
[35m[HTTP][39m [90m{"using":"xpath","value":"//*[@class = 'android.widget.Button' and (@text = 'REGISTER' or . = 'REGISTER') and @resource-id = 'com.loginmodule.learning:id/appCompatButtonRegister']"}[39m
[35m[HTTP][39m [37m<-- POST /wd/hub/session/c9156793-9e17-4d7d-9d1c-e2d5d2e33acc/elements [39m[32m200[39m [90m115 ms - 139[39m
[35m[HTTP][39m [90m[39m
[35m[HTTP][39m [37m-->[39m [37mGET[39m [37m/wd/hub/session/c9156793-9e17-4d7d-9d1c-e2d5d2e33acc/window/rect[39m
[35m[HTTP][39m [90m{}[39m
[35m[HTTP][39m [37m<-- GET /wd/hub/session/c9156793-9e17-4d7d-9d1c-e2d5d2e33acc/window/rect [39m[32m200[39m [90m18 ms - 50[39m
[35m[HTTP][39m [90m[39m
[35m[HTTP][39m [37m-->[39m [37mPOST[39m [37m/wd/hub/session/c9156793-9e17-4d7d-9d1c-e2d5d2e33acc/elements[39m
[35m[HTTP][39m [90m{"using":"xpath","value":"//*[@class = 'android.widget.Button' and (@text = 'REGISTER' or . = 'REGISTER') and @resource-id = 'com.loginmodule.learning:id/appCompatButtonRegister']"}[39m
[35m[HTTP][39m [37m<-- POST /wd/hub/session/c9156793-9e17-4d7d-9d1c-e2d5d2e33acc/elements [39m[32m200[39m [90m81 ms - 139[39m
[35m[HTTP][39m [90m[39m
[35m[HTTP][39m [37m-->[39m [37mGET[39m [37m/wd/hub/session/c9156793-9e17-4d7d-9d1c-e2d5d2e33acc/element/8c0daf40-6a82-4c23-9933-a513651bfde3/location[39m
[35m[HTTP][39m [90m{}[39m
[35m[W3C (c9156793)][39m Driver proxy active, passing request on via HTTP proxy
[35m[WD Proxy][39m Replacing sessionId e8b65672-535b-4ab6-bdb6-ed210139da00 with c9156793-9e17-4d7d-9d1c-e2d5d2e33acc
[35m[HTTP][39m [37m<-- GET /wd/hub/session/c9156793-9e17-4d7d-9d1c-e2d5d2e33acc/element/8c0daf40-6a82-4c23-9933-a513651bfde3/location [39m[32m200[39m [90m50 ms - 78[39m
[35m[HTTP][39m [90m[39m
[35m[HTTP][39m [37m-->[39m [37mPOST[39m [37m/wd/hub/session/c9156793-9e17-4d7d-9d1c-e2d5d2e33acc/touch/perform[39m
[35m[HTTP][39m [90m{"actions":[{"action":"tap","options":{"x":1,"y":1,"element":"8c0daf40-6a82-4c23-9933-a513651bfde3"}}]}[39m
[35m[UiAutomator2][39m calling get location: 8c0daf40-6a82-4c23-9933-a513651bfde3
[35m[HTTP][39m [37m<-- POST /wd/hub/session/c9156793-9e17-4d7d-9d1c-e2d5d2e33acc/touch/perform [39m[32m200[39m [90m845 ms - 14[39m
[35m[HTTP][39m [90m[39m
[35m[HTTP][39m [37m-->[39m [37mGET[39m [37m/wd/hub/session/c9156793-9e17-4d7d-9d1c-e2d5d2e33acc/source[39m
[35m[HTTP][39m [90m{}[39m
[35m[W3C (c9156793)][39m Driver proxy active, passing request on via HTTP proxy
[35m[WD Proxy][39m Replacing sessionId e8b65672-535b-4ab6-bdb6-ed210139da00 with c9156793-9e17-4d7d-9d1c-e2d5d2e33acc
[35m[HTTP][39m [37m<-- GET /wd/hub/session/c9156793-9e17-4d7d-9d1c-e2d5d2e33acc/source [39m[32m200[39m [90m115 ms - 8897[39m
[35m[HTTP][39m [90m[39m
[35m[HTTP][39m [37m-->[39m [37mGET[39m [37m/wd/hub/session/c9156793-9e17-4d7d-9d1c-e2d5d2e33acc/screenshot[39m
[35m[HTTP][39m [90m{}[39m
[35m[HTTP][39m [37m<-- GET /wd/hub/session/c9156793-9e17-4d7d-9d1c-e2d5d2e33acc/screenshot [39m[32m200[39m [90m467 ms - 113758[39m
[35m[HTTP][39m [90m[39m
[35m[HTTP][39m [37m-->[39m [37mDELETE[39m [37m/wd/hub/session/c9156793-9e17-4d7d-9d1c-e2d5d2e33acc[39m
[35m[HTTP][39m [90m{}[39m
[35m[Appium][39m Removing session c9156793-9e17-4d7d-9d1c-e2d5d2e33acc from our master session list
[35m[UiAutomator2][39m Restoring hidden api policy to the device default configuration
[35m[HTTP][39m [37m<-- DELETE /wd/hub/session/c9156793-9e17-4d7d-9d1c-e2d5d2e33acc [39m[32m200[39m [90m529 ms - 14[39m
[35m[HTTP][39m [90m[39m
